[2016-05-29 06:49:27] ROUTE.ERROR: Current route: [assets/js] not founded in server. [] []

[2016-05-29 06:49:37] ROUTE.ERROR: Current route: [assets/css] not founded in server. [] []
[2016-05-29 06:49:44] ROUTE.ERROR: Current route: [assets/js] not founded in server. [] []
[2016-05-29 06:49:44] ROUTE.ERROR: Current route: [assets/css] not founded in server. [] []
[2016-05-29 06:49:44] ROUTE.ERROR: Current route: [assets/css] not founded in server. [] []
[2016-05-29 06:49:44] ROUTE.ERROR: Current route: [assets/js] not founded in server. [] []
[2016-05-29 06:49:49] ROUTE.ERROR: Current route: [admin/home] not founded in server. [] []
[2016-05-29 06:50:20] ROUTE.ERROR: Current route: [assets/js] not founded in server. [] []
[2016-05-29 06:50:20] ROUTE.ERROR: Current route: [assets/css] not founded in server. [] []
[2016-05-29 06:50:20] ROUTE.ERROR: Current route: [assets/css] not founded in server. [] []
[2016-05-29 06:50:20] ROUTE.ERROR: Current route: [assets/js] not founded in server. [] []
[2016-05-29 06:50:20] ROUTE.ERROR: Current route: [assets/css] not founded in server. [] []
[2016-05-29 06:50:20] ROUTE.ERROR: Current route: [assets/js] not founded in server. [] []
[2016-05-29 06:50:20] ROUTE.ERROR: Current route: [assets/js] not founded in server. [] []
[2016-05-29 06:50:20] ROUTE.ERROR: Current route: [assets/css] not founded in server. [] []
[2016-05-29 06:50:23] ROUTE.ERROR: Current route: [assets/css] not founded in server. [] []
[2016-05-29 06:50:23] ROUTE.ERROR: Current route: [assets/js] not founded in server. [] []
[2016-05-29 06:50:23] ROUTE.ERROR: Current route: [assets/js] not founded in server. [] []
[2016-05-29 06:50:23] ROUTE.ERROR: Current route: [assets/css] not founded in server. [] []
[2016-05-29 06:50:37] ROUTE.ERROR: Current route: [assets/css] not founded in server. [] []
[2016-05-29 06:50:37] ROUTE.ERROR: Current route: [assets/js] not founded in server. [] []
[2016-05-29 06:50:37] ROUTE.ERROR: Current route: [assets/js] not founded in server. [] []
[2016-05-29 06:50:37] ROUTE.ERROR: Current route: [assets/css] not founded in server. [] []
[2016-05-29 06:51:00] ROUTE.ERROR: Current route: [assets/js] not founded in server. [] []
[2016-05-29 06:51:00] ROUTE.ERROR: Current route: [assets/css] not founded in server. [] []
[2016-05-29 06:51:00] ROUTE.ERROR: Current route: [assets/js] not founded in server. [] []
[2016-05-29 06:51:00] ROUTE.ERROR: Current route: [assets/css] not founded in server. [] []
[2016-05-29 06:51:13] ROUTE.ERROR: Current route: [assets/css] not founded in server. [] []
[2016-05-29 06:51:13] ROUTE.ERROR: Current route: [assets/js] not founded in server. [] []
[2016-05-29 06:51:13] ROUTE.ERROR: Current route: [assets/css] not founded in server. [] []
[2016-05-29 06:51:13] ROUTE.ERROR: Current route: [assets/js] not founded in server. [] []
[2016-05-29 06:51:13] ROUTE.ERROR: Current route: [assets/js] not founded in server. [] []
[2016-05-29 06:51:13] ROUTE.ERROR: Current route: [assets/css] not founded in server. [] []
[2016-05-29 06:51:13] ROUTE.ERROR: Current route: [assets/js] not founded in server. [] []
[2016-05-29 06:51:13] ROUTE.ERROR: Current route: [assets/css] not founded in server. [] []
[2016-05-29 06:52:51] ROUTE.ERROR: Current route: [index.php] not founded in server. [] []
[2016-05-29 06:53:26] ROUTE.ERROR: Current route: [index.php] not founded in server. [] []
[2016-05-29 06:54:55] ROUTE.ERROR: Current route: [assets/js] not founded in server. [] []
[2016-05-29 06:54:55] ROUTE.ERROR: Current route: [assets/css] not founded in server. [] []
[2016-05-29 06:54:55] ROUTE.ERROR: Current route: [assets/js] not founded in server. [] []
[2016-05-29 06:54:55] ROUTE.ERROR: Current route: [assets/css] not founded in server. [] []
[2016-05-29 06:55:22] ROUTE.ERROR: Current route: [assets] not founded in server. [] []
[2016-05-29 06:55:22] ROUTE.ERROR: Current route: [assets] not founded in server. [] []
[2016-05-29 06:55:22] ROUTE.ERROR: Current route: [assets] not founded in server. [] []
[2016-05-29 06:55:22] ROUTE.ERROR: Current route: [assets] not founded in server. [] []
[2016-05-29 06:56:40] ROUTE.ERROR: Current route: [assets] not founded in server. [] []
[2016-05-29 06:56:40] ROUTE.ERROR: Current route: [assets] not founded in server. [] []
[2016-05-29 06:56:40] ROUTE.ERROR: Current route: [assets] not founded in server. [] []
[2016-05-29 06:56:40] ROUTE.ERROR: Current route: [assets] not founded in server. [] []
[2016-05-29 06:58:11] ROUTE.ERROR: Current route: [assets/js] not founded in server. [] []
[2016-05-29 06:58:11] ROUTE.ERROR: Current route: [assets/css] not founded in server. [] []
[2016-05-29 06:58:11] ROUTE.ERROR: Current route: [assets/css] not founded in server. [] []
[2016-05-29 06:58:11] ROUTE.ERROR: Current route: [assets/js] not founded in server. [] []
[2016-05-29 07:00:29] ROUTE.ERROR: Current route: [assets/css] not founded in server. [] []
[2016-05-29 07:00:29] ROUTE.ERROR: Current route: [assets/js] not founded in server. [] []
[2016-05-29 07:00:29] ROUTE.ERROR: Current route: [assets/css] not founded in server. [] []
[2016-05-29 07:00:29] ROUTE.ERROR: Current route: [assets/js] not founded in server. [] []
[2016-05-29 07:02:29] ROUTE.ERROR: Current route: [assets/js] not founded in server. [] []
[2016-05-29 07:02:29] ROUTE.ERROR: Current route: [assets/css] not founded in server. [] []
[2016-05-29 07:02:29] ROUTE.ERROR: Current route: [assets/js] not founded in server. [] []
[2016-05-29 07:02:29] ROUTE.ERROR: Current route: [assets/css] not founded in server. [] []
[2016-05-29 07:02:33] ROUTE.ERROR: Current route: [assets/css] not founded in server. [] []
[2016-05-29 07:02:33] ROUTE.ERROR: Current route: [assets/js] not founded in server. [] []
[2016-05-29 07:02:33] ROUTE.ERROR: Current route: [assets/js] not founded in server. [] []
[2016-05-29 07:02:33] ROUTE.ERROR: Current route: [assets/css] not founded in server. [] []
[2016-05-29 07:02:37] ROUTE.ERROR: Current route: [assets/css] not founded in server. [] []
[2016-05-29 07:04:15] ROUTE.ERROR: Current route: [assets/css] not founded in server. [] []
[2016-05-29 07:04:15] ROUTE.ERROR: Current route: [assets/css] not founded in server. [] []
[2016-05-29 07:04:15] ROUTE.ERROR: Current route: [assets/js] not founded in server. [] []
[2016-05-29 07:04:15] ROUTE.ERROR: Current route: [assets/js] not founded in server. [] []
[2016-05-29 07:04:24] ROUTE.ERROR: Current route: [assets/css] not founded in server. [] []
[2016-05-29 07:04:24] ROUTE.ERROR: Current route: [assets/css] not founded in server. [] []
[2016-05-29 07:04:24] ROUTE.ERROR: Current route: [assets/js] not founded in server. [] []
[2016-05-29 07:04:24] ROUTE.ERROR: Current route: [assets/js] not founded in server. [] []
[2016-05-29 07:04:26] ROUTE.ERROR: Current route: [assets/css] not founded in server. [] []
[2016-05-29 07:04:26] ROUTE.ERROR: Current route: [assets/js] not founded in server. [] []
[2016-05-29 07:04:26] ROUTE.ERROR: Current route: [assets/css] not founded in server. [] []
[2016-05-29 07:04:26] ROUTE.ERROR: Current route: [assets/js] not founded in server. [] []
[2016-05-29 07:04:56] ROUTE.ERROR: Current route: [assets/css] not founded in server. [] []
[2016-05-29 07:04:56] ROUTE.ERROR: Current route: [assets/css] not founded in server. [] []
[2016-05-29 07:04:56] ROUTE.ERROR: Current route: [assets/js] not founded in server. [] []
[2016-05-29 07:04:56] ROUTE.ERROR: Current route: [assets/js] not founded in server. [] []
[2016-05-29 07:04:59] ROUTE.ERROR: Current route: [assets/css] not founded in server. [] []
[2016-05-29 07:04:59] ROUTE.ERROR: Current route: [assets/css] not founded in server. [] []
[2016-05-29 07:04:59] ROUTE.ERROR: Current route: [assets/js] not founded in server. [] []
[2016-05-29 07:04:59] ROUTE.ERROR: Current route: [assets/js] not founded in server. [] []
[2016-05-29 07:05:40] ROUTE.ERROR: Current route: [assets/css] not founded in server. [] []
[2016-05-29 07:05:40] ROUTE.ERROR: Current route: [assets/css] not founded in server. [] []
[2016-05-29 07:05:40] ROUTE.ERROR: Current route: [assets/js] not founded in server. [] []
[2016-05-29 07:05:40] ROUTE.ERROR: Current route: [assets/js] not founded in server. [] []
[2016-05-29 07:10:00] ROUTE.ERROR: Current route: [assets/css] not founded in server. [] []
[2016-05-29 07:10:00] ROUTE.ERROR: Current route: [assets/js] not founded in server. [] []
[2016-05-29 07:10:00] ROUTE.ERROR: Current route: [assets/js] not founded in server. [] []
[2016-05-29 07:10:00] ROUTE.ERROR: Current route: [assets/css] not founded in server. [] []
[2016-05-29 07:10:02] ROUTE.ERROR: Current route: [assets/css] not founded in server. [] []
[2016-05-29 07:10:02] ROUTE.ERROR: Current route: [assets/css] not founded in server. [] []
[2016-05-29 07:10:36] ROUTE.ERROR: Current route: [assets/css] not founded in server. [] []
[2016-05-29 07:10:36] ROUTE.ERROR: Current route: [assets/js] not founded in server. [] []
[2016-05-29 07:10:36] ROUTE.ERROR: Current route: [assets/css] not founded in server. [] []
[2016-05-29 07:10:36] ROUTE.ERROR: Current route: [assets/js] not founded in server. [] []
[2016-05-29 07:10:38] ROUTE.ERROR: Current route: [assets/css] not founded in server. [] []
[2016-05-29 07:10:38] ROUTE.ERROR: Current route: [assets/css] not founded in server. [] []
[2016-05-29 07:10:38] ROUTE.ERROR: Current route: [assets/js] not founded in server. [] []
[2016-05-29 07:10:38] ROUTE.ERROR: Current route: [assets/js] not founded in server. [] []
[2016-05-29 07:10:39] ROUTE.ERROR: Current route: [assets/css] not founded in server. [] []
[2016-05-29 07:10:39] ROUTE.ERROR: Current route: [assets/js] not founded in server. [] []
[2016-05-29 07:10:39] ROUTE.ERROR: Current route: [assets/js] not founded in server. [] []
[2016-05-29 07:10:39] ROUTE.ERROR: Current route: [assets/css] not founded in server. [] []
[2016-05-29 07:10:43] ROUTE.ERROR: Current route: [assets/css] not founded in server. [] []
[2016-05-29 07:10:43] ROUTE.ERROR: Current route: [assets/js] not founded in server. [] []
[2016-05-29 07:10:43] ROUTE.ERROR: Current route: [assets/css] not founded in server. [] []
[2016-05-29 07:10:50] ROUTE.ERROR: Current route: [assets/css] not founded in server. [] []
[2016-05-29 07:10:50] ROUTE.ERROR: Current route: [assets/css] not founded in server. [] []
[2016-05-29 07:10:50] ROUTE.ERROR: Current route: [assets/js] not founded in server. [] []
[2016-05-29 07:10:50] ROUTE.ERROR: Current route: [assets/js] not founded in server. [] []
[2016-05-29 07:10:57] ROUTE.ERROR: Current route: [assets/css] not founded in server. [] []
[2016-05-29 07:10:57] ROUTE.ERROR: Current route: [assets/css] not founded in server. [] []
[2016-05-29 07:10:57] ROUTE.ERROR: Current route: [assets/js] not founded in server. [] []
[2016-05-29 07:10:57] ROUTE.ERROR: Current route: [assets/js] not founded in server. [] []
[2016-05-29 07:17:29] ROUTE.ERROR: Current route: [[QSA,L]] not founded in server. [] []
[2016-05-29 07:17:30] ROUTE.ERROR: Current route: [[QSA,L]] not founded in server. [] []
[2016-05-29 07:19:36] ROUTE.ERROR: Current route: [home/i] not founded in server. [] []
[2016-05-29 07:19:50] ROUTE.ERROR: Current route: [assets/css/bootstrap.min.css] not founded in server. [] []
[2016-05-29 07:19:50] ROUTE.ERROR: Current route: [assets/css/bootstrap-theme.min.css] not founded in server. [] []
[2016-05-29 07:19:50] ROUTE.ERROR: Current route: [assets/js/bootstrap.min.js] not founded in server. [] []
[2016-05-29 07:19:50] ROUTE.ERROR: Current route: [assets/js/jquery-2.2.4.min.js] not founded in server. [] []
[2016-05-29 07:20:24] ROUTE.ERROR: Current route: [assets/css/bootstrap.min.css] not founded in server. [] []
[2016-05-29 07:20:24] ROUTE.ERROR: Current route: [assets/js/jquery-2.2.4.min.js] not founded in server. [] []
[2016-05-29 07:20:24] ROUTE.ERROR: Current route: [assets/js/bootstrap.min.js] not founded in server. [] []
[2016-05-29 07:20:24] ROUTE.ERROR: Current route: [assets/css/bootstrap-theme.min.css] not founded in server. [] []
[2016-05-29 07:21:17] ROUTE.ERROR: Current route: [index.ph/p] not founded in server. [] []
[2016-05-29 07:21:33] ROUTE.ERROR: Current route: [index.ph/p] not founded in server. [] []
[2016-05-29 07:21:37] ROUTE.ERROR: Current route: [index.ph/p] not founded in server. [] []
[2016-05-29 07:21:40] ROUTE.ERROR: Current route: [index.ph/p] not founded in server. [] []
[2016-05-29 07:25:29] ROUTE.ERROR: Current route: [home/abc] not founded in server. [] []
[2016-05-29 07:25:44] ROUTE.ERROR: Current route: [index.php/] not founded in server. [] []
[2016-05-29 07:25:47] ROUTE.ERROR: Current route: [index.php/] not founded in server. [] []
[2016-05-29 07:27:38] ROUTE.ERROR: Current route: [index.php/] not founded in server. [] []
[2016-05-29 07:27:44] ROUTE.ERROR: Current route: [index.php/] not founded in server. [] []
[2016-05-29 07:27:44] ROUTE.ERROR: Current route: [index.php/] not founded in server. [] []
[2016-05-29 07:27:50] ROUTE.ERROR: Current route: [index.php] not founded in server. [] []
[2016-05-29 07:28:33] ROUTE.ERROR: Current route: [index.php/] not founded in server. [] []
[2016-05-29 07:28:50] ROUTE.ERROR: Current route: [index.php/] not founded in server. [] []
[2016-05-29 07:29:02] ROUTE.ERROR: Current route: [index.php/] not founded in server. [] []
[2016-05-29 07:29:24] ROUTE.ERROR: Current route: [index.php/] not founded in server. [] []
[2016-05-29 07:29:54] ROUTE.ERROR: Current route: [index.php/] not founded in server. [] []
[2016-05-29 07:31:37] ROUTE.ERROR: Current route: [index.php/] not founded in server. [] []
[2016-05-29 07:31:42] ROUTE.ERROR: Current route: [index.php/] not founded in server. [] []
[2016-05-29 07:31:42] ROUTE.ERROR: Current route: [index.php/] not founded in server. [] []
[2016-05-29 07:37:05] ROUTE.ERROR: Current route: [index.php/] not founded in server. [] []
[2016-05-29 07:37:45] ROUTE.ERROR: Current route: [index.php/] not founded in server. [] []
[2016-05-29 07:37:45] ROUTE.ERROR: Current route: [index.php/] not founded in server. [] []
[2016-05-29 07:38:22] ROUTE.ERROR: Current route: [index.php] not founded in server. [] []
[2016-05-29 07:38:40] ROUTE.ERROR: Current route: [index.php] not founded in server. [] []
[2016-05-29 07:39:09] ROUTE.ERROR: Current route: [index.php] not founded in server. [] []
[2016-05-29 07:39:17] ROUTE.ERROR: Current route: [index.php] not founded in server. [] []
[2016-05-29 07:39:29] ROUTE.ERROR: Current route: [abc] not founded in server. [] []
[2016-05-29 07:39:32] ROUTE.ERROR: Current route: [index.php] not founded in server. [] []
[2016-05-29 07:39:38] ROUTE.ERROR: Current route: [index.php] not founded in server. [] []
[2016-05-29 07:39:47] ROUTE.ERROR: Current route: [index.php] not founded in server. [] []
[2016-05-29 07:39:50] ROUTE.ERROR: Current route: [index.php] not founded in server. [] []
[2016-05-29 07:40:00] ROUTE.ERROR: Current route: [index.php/] not founded in server. [] []
[2016-05-29 07:40:08] ROUTE.ERROR: Current route: [index.php/] not founded in server. [] []
[2016-05-29 07:40:11] ROUTE.ERROR: Current route: [index.php/] not founded in server. [] []
[2016-05-29 07:40:19] ROUTE.ERROR: Current route: [index.php] not founded in server. [] []
[2016-05-29 07:40:21] ROUTE.ERROR: Current route: [index.php] not founded in server. [] []
[2016-05-29 07:40:26] ROUTE.ERROR: Current route: [index.php] not founded in server. [] []
[2016-05-29 07:40:28] ROUTE.ERROR: Current route: [index.php] not founded in server. [] []
[2016-05-29 07:44:19] ROUTE.ERROR: Current route: [assets/css/bootstrap.min.css] not founded in server. [] []
[2016-05-29 07:44:19] ROUTE.ERROR: Current route: [assets/js/jquery-2.2.4.min.js] not founded in server. [] []
[2016-05-29 07:44:19] ROUTE.ERROR: Current route: [assets/js/bootstrap.min.js] not founded in server. [] []
[2016-05-29 07:44:19] ROUTE.ERROR: Current route: [assets/css/bootstrap-theme.min.css] not founded in server. [] []
[2016-05-29 07:45:05] ROUTE.ERROR: Current route: [index.php/] not founded in server. [] []
[2016-05-29 07:45:26] ROUTE.ERROR: Current route: [/] not founded in server. [] []
[2016-05-29 07:45:42] ROUTE.ERROR: Current route: [index/index] not founded in server. [] []
[2016-05-29 07:45:43] ROUTE.ERROR: Current route: [index/index] not founded in server. [] []
[2016-05-29 07:46:52] ROUTE.ERROR: Current route: [index.php] not founded in server. [] []
[2016-05-29 07:46:55] ROUTE.ERROR: Current route: [index.php] not founded in server. [] []
[2016-05-29 07:46:56] ROUTE.ERROR: Current route: [index.php] not founded in server. [] []
[2016-05-29 07:47:00] ROUTE.ERROR: Current route: [index.php] not founded in server. [] []
[2016-05-29 07:50:42] ROUTE.ERROR: Current route: [home/abc] not founded in server. [] []
[2016-05-29 07:52:14] ROUTE.ERROR: Current route: [admin/login/test] not founded in server. [] []
[2016-05-29 07:52:26] ROUTE.ERROR: Current route: [ax] not founded in server. [] []
[2016-05-29 07:54:14] ROUTE.ERROR: Current route: [ax] not founded in server. [] []
[2016-05-29 07:55:07] ROUTE.ERROR: Current route: [ax] not founded in server. [] []
[2016-05-29 08:21:45] ROUTE.ERROR: Current route: [admin/index.html] not founded in server. [] []
[2016-05-29 08:47:36] ROUTE.ERROR: Current route: [admin/login/test] not founded in server. [] []
[2016-05-29 12:20:13] ROUTE.ERROR: Current route: [x] not founded in server. [] []
[2016-05-29 12:37:59] ROUTE.ERROR: Current route: [admin/login/signin] not founded in server. [] []
[2016-05-29 12:38:32] ROUTE.ERROR: Current route: [admin/login/signin] not founded in server. [] []
[2016-05-29 12:38:38] ROUTE.ERROR: Current route: [admin/login/signin] not founded in server. [] []
[2016-05-29 12:38:46] ROUTE.ERROR: Current route: [admin/login/signin] not founded in server. [] []
[2016-05-29 12:38:50] ROUTE.ERROR: Current route: [admin/login] not founded in server. [] []
[2016-05-29 12:38:54] ROUTE.ERROR: Current route: [admin/login/signin] not founded in server. [] []
[2016-05-29 14:15:01] ROUTE.ERROR: Current route: [admin/home] not founded in server. [] []
